Using pre-set license
Built from '2020.3/staging' branch; Version is '2020.3.11f1 (99c7afb366b3) revision 10078127'; Using compiler version '192528614'; Build Type 'Release'
OS: 'Windows 10 Home; OS build 18363.1556; Version 1909; 64bit' Language: 'en' Physical Memory: 32715 MB
BatchMode: 1, IsHumanControllingUs: 0, StartBugReporterOnCrash: 0, Is64bit: 1, IsPro: 0

 COMMAND LINE ARGUMENTS:
C:\Program Files\Unity\Hub\Editor\2020.3.11f1\Editor\Unity.exe
-adb2
-batchMode
-noUpm
-name
AssetImportWorker0
-projectPath
E:/Projects/CloakedBloke/CloakedBloke/CloakedBloke
-logFile
Logs/AssetImportWorker0.log
-srvPort
56134
Successfully changed project path to: E:/Projects/CloakedBloke/CloakedBloke/CloakedBloke
E:/Projects/CloakedBloke/CloakedBloke/CloakedBloke
Using Asset Import Pipeline V2.
Refreshing native plugins compatible for Editor in 60.46 ms, found 2 plugins.
Preloading 0 native plugins for Editor in 0.00 ms.
Initialize engine version: 2020.3.11f1 (99c7afb366b3)
[Subsystems] Discovering subsystems at path C:/Program Files/Unity/Hub/Editor/2020.3.11f1/Editor/Data/Resources/UnitySubsystems
[Subsystems] Discovering subsystems at path E:/Projects/CloakedBloke/CloakedBloke/CloakedBloke/Assets
GfxDevice: creating device client; threaded=0
Direct3D:
    Version:  Direct3D 11.0 [level 11.1]
    Renderer: NVIDIA GeForce GTX 1070 (ID=0x1b81)
    Vendor:   
    VRAM:     8088 MB
    Driver:   30.0.14.7196
Initialize mono
Mono path[0] = 'C:/Program Files/Unity/Hub/Editor/2020.3.11f1/Editor/Data/Managed'
Mono path[1] = 'C:/Program Files/Unity/Hub/Editor/2020.3.11f1/Editor/Data/MonoBleedingEdge/lib/mono/unityjit'
Mono config path = 'C:/Program Files/Unity/Hub/Editor/2020.3.11f1/Editor/Data/MonoBleedingEdge/etc'
Using monoOptions --debugger-agent=transport=dt_socket,embedding=1,server=y,suspend=n,address=127.0.0.1:56444
Begin MonoManager ReloadAssembly
Registering precompiled unity dll's ...
Register platform support module: C:/Program Files/Unity/Hub/Editor/2020.3.11f1/Editor/Data/PlaybackEngines/WebGLSupport/UnityEditor.WebGL.Extensions.dll
Register platform support module: C:/Program Files/Unity/Hub/Editor/2020.3.11f1/Editor/Data/PlaybackEngines/WindowsStandaloneSupport/UnityEditor.WindowsStandalone.Extensions.dll
Registered in 0.004189 seconds.
Native extension for WindowsStandalone target not found
Native extension for WebGL target not found
Refreshing native plugins compatible for Editor in 50.96 ms, found 2 plugins.
Preloading 0 native plugins for Editor in 0.00 ms.
Mono: successfully reloaded assembly
- Completed reload, in  2.858 seconds
Platform modules already initialized, skipping
Registering precompiled user dll's ...
Registered in 0.004807 seconds.
Begin MonoManager ReloadAssembly
Native extension for WindowsStandalone target not found
Native extension for WebGL target not found
Refreshing native plugins compatible for Editor in 0.51 ms, found 2 plugins.
Preloading 0 native plugins for Editor in 0.00 ms.
Mono: successfully reloaded assembly
- Completed reload, in  1.241 seconds
Platform modules already initialized, skipping
========================================================================
Worker process is ready to serve import requests
Launched and connected shader compiler UnityShaderCompiler.exe after 0.13 seconds
Refreshing native plugins compatible for Editor in 0.80 ms, found 2 plugins.
Preloading 0 native plugins for Editor in 0.00 ms.
Unloading 2066 Unused Serialized files (Serialized files now loaded: 0)
System memory in use before: 184.5 MB.
System memory in use after: 184.6 MB.

Unloading 23 unused Assets to reduce memory usage. Loaded Objects now: 2533.
Total: 2.963900 ms (FindLiveObjects: 0.450400 ms CreateObjectMapping: 0.076400 ms MarkObjects: 2.263600 ms  DeleteObjects: 0.172000 ms)

========================================================================
Received Import Request.
  path: Assets/Health.cs
  artifactKey: Guid(723acf5c68dd7b54eb90d08d23191fe0) Importer(815301076,1909f56bfc062723c751e8b465ee728b)
Start importing Assets/Health.cs using Guid(723acf5c68dd7b54eb90d08d23191fe0) Importer(815301076,1909f56bfc062723c751e8b465ee728b)  -> (artifact id: 'c64fed57ca381f22a3289df25be7cbb4') in 0.034360 seconds
  Import took 0.045440 seconds .

========================================================================
Received Import Request.
  Time since last request: 4.060315 seconds.
  path: Assets/Player/Player.cs
  artifactKey: Guid(1f5021d740707b6419d299a0b70d42c3) Importer(815301076,1909f56bfc062723c751e8b465ee728b)
Start importing Assets/Player/Player.cs using Guid(1f5021d740707b6419d299a0b70d42c3) Importer(815301076,1909f56bfc062723c751e8b465ee728b)  -> (artifact id: 'c5e4a796728138245fa55ad3a19cf4a6') in 0.004790 seconds
  Import took 0.014062 seconds .

========================================================================
Received Import Request.
  Time since last request: 29.404686 seconds.
  path: Assets/Player
  artifactKey: Guid(cf415d66086836e4a97d0909d8d0b6eb) Importer(815301076,1909f56bfc062723c751e8b465ee728b)
Start importing Assets/Player using Guid(cf415d66086836e4a97d0909d8d0b6eb) Importer(815301076,1909f56bfc062723c751e8b465ee728b)  -> (artifact id: '3617470412ee284408dc409cfafce9ac') in 0.005554 seconds
  Import took 0.025631 seconds .

AssetImportWorkerClient::OnTransportError - code=2 error=End of file
