Using pre-set license
Built from '2020.3/staging' branch; Version is '2020.3.11f1 (99c7afb366b3) revision 10078127'; Using compiler version '192528614'; Build Type 'Release'
OS: 'Windows 10 Pro; OS build 19043.1288; Version 2009; 64bit' Language: 'en' Physical Memory: 16251 MB
BatchMode: 1, IsHumanControllingUs: 0, StartBugReporterOnCrash: 0, Is64bit: 1, IsPro: 0

 COMMAND LINE ARGUMENTS:
F:\Program Files\Unity\Editors\2020.3.11f1\Editor\Unity.exe
-adb2
-batchMode
-noUpm
-name
AssetImportWorker0
-projectPath
F:/Projects/TeamProjects/CloakedBlokeRep/CloakedBloke/CloakedBloke
-logFile
Logs/AssetImportWorker0.log
-srvPort
58665
Successfully changed project path to: F:/Projects/TeamProjects/CloakedBlokeRep/CloakedBloke/CloakedBloke
F:/Projects/TeamProjects/CloakedBlokeRep/CloakedBloke/CloakedBloke
Using Asset Import Pipeline V2.
Refreshing native plugins compatible for Editor in 46.47 ms, found 2 plugins.
Preloading 0 native plugins for Editor in 0.00 ms.
Initialize engine version: 2020.3.11f1 (99c7afb366b3)
[Subsystems] Discovering subsystems at path F:/Program Files/Unity/Editors/2020.3.11f1/Editor/Data/Resources/UnitySubsystems
[Subsystems] Discovering subsystems at path F:/Projects/TeamProjects/CloakedBlokeRep/CloakedBloke/CloakedBloke/Assets
GfxDevice: creating device client; threaded=0
Direct3D:
    Version:  Direct3D 11.0 [level 11.1]
    Renderer: Intel(R) UHD Graphics 630 (ID=0x3e92)
    Vendor:   
    VRAM:     8125 MB
    Driver:   27.20.100.8783
Initialize mono
Mono path[0] = 'F:/Program Files/Unity/Editors/2020.3.11f1/Editor/Data/Managed'
Mono path[1] = 'F:/Program Files/Unity/Editors/2020.3.11f1/Editor/Data/MonoBleedingEdge/lib/mono/unityjit'
Mono config path = 'F:/Program Files/Unity/Editors/2020.3.11f1/Editor/Data/MonoBleedingEdge/etc'
Using monoOptions --debugger-agent=transport=dt_socket,embedding=1,server=y,suspend=n,address=127.0.0.1:56624
Begin MonoManager ReloadAssembly
Registering precompiled unity dll's ...
Register platform support module: F:/Program Files/Unity/Editors/2020.3.11f1/Editor/Data/PlaybackEngines/WebGLSupport/UnityEditor.WebGL.Extensions.dll
Register platform support module: F:/Program Files/Unity/Editors/2020.3.11f1/Editor/Data/PlaybackEngines/WindowsStandaloneSupport/UnityEditor.WindowsStandalone.Extensions.dll
Registered in 0.002361 seconds.
Native extension for WindowsStandalone target not found
Native extension for WebGL target not found
Refreshing native plugins compatible for Editor in 41.86 ms, found 2 plugins.
Preloading 0 native plugins for Editor in 0.00 ms.
Mono: successfully reloaded assembly
- Completed reload, in  1.922 seconds
Platform modules already initialized, skipping
Registering precompiled user dll's ...
Registered in 0.011712 seconds.
Begin MonoManager ReloadAssembly
Native extension for WindowsStandalone target not found
Native extension for WebGL target not found
Refreshing native plugins compatible for Editor in 0.44 ms, found 2 plugins.
Preloading 0 native plugins for Editor in 0.00 ms.
Mono: successfully reloaded assembly
- Completed reload, in  1.047 seconds
Platform modules already initialized, skipping
========================================================================
Worker process is ready to serve import requests
Launched and connected shader compiler UnityShaderCompiler.exe after 0.06 seconds
Refreshing native plugins compatible for Editor in 0.46 ms, found 2 plugins.
Preloading 0 native plugins for Editor in 0.00 ms.
Unloading 2059 Unused Serialized files (Serialized files now loaded: 0)
System memory in use before: 171.4 MB.
System memory in use after: 171.5 MB.

Unloading 23 unused Assets to reduce memory usage. Loaded Objects now: 2510.
Total: 2.135700 ms (FindLiveObjects: 0.192900 ms CreateObjectMapping: 0.076700 ms MarkObjects: 1.752500 ms  DeleteObjects: 0.112400 ms)

========================================================================
Received Import Request.
  path: Assets/Player/TempPlayer.prefab
  artifactKey: Guid(b8fd56aac3081cd49801b1502a332058) Importer(815301076,1909f56bfc062723c751e8b465ee728b)
Start importing Assets/Player/TempPlayer.prefab using Guid(b8fd56aac3081cd49801b1502a332058) Importer(815301076,1909f56bfc062723c751e8b465ee728b)  -> (artifact id: '3944814176a47f330ca00f5cbc45d3fd') in 0.152939 seconds
  Import took 0.156771 seconds .

========================================================================
Received Import Request.
  Time since last request: 0.344292 seconds.
  path: Assets/Player/Abilities
  artifactKey: Guid(8c6793dd666eda04bad84d458fd18d41) Importer(815301076,1909f56bfc062723c751e8b465ee728b)
Start importing Assets/Player/Abilities using Guid(8c6793dd666eda04bad84d458fd18d41) Importer(815301076,1909f56bfc062723c751e8b465ee728b)  -> (artifact id: 'bd65501456db2ebea6802b9d0c8967b6') in 0.006217 seconds
  Import took 0.009508 seconds .

========================================================================
Received Import Request.
  Time since last request: 0.076996 seconds.
  path: Assets/Player/Abilities/Fireball.prefab
  artifactKey: Guid(452badac4eb171246b12df366b6de5ce) Importer(815301076,1909f56bfc062723c751e8b465ee728b)
Start importing Assets/Player/Abilities/Fireball.prefab using Guid(452badac4eb171246b12df366b6de5ce) Importer(815301076,1909f56bfc062723c751e8b465ee728b)  -> (artifact id: '0472face91a97c0572e6c795f863f067') in 0.010550 seconds
  Import took 0.014033 seconds .

========================================================================
Received Import Request.
  Time since last request: 0.000281 seconds.
  path: Assets/Player/Abilities/IceSpike.prefab
  artifactKey: Guid(61207975c64cd1b43880aa9ba79cbd5e) Importer(815301076,1909f56bfc062723c751e8b465ee728b)
Start importing Assets/Player/Abilities/IceSpike.prefab using Guid(61207975c64cd1b43880aa9ba79cbd5e) Importer(815301076,1909f56bfc062723c751e8b465ee728b)  -> (artifact id: '5c7f77bf52a6b45da32f4c6f3f5c32a9') in 0.018654 seconds
  Import took 0.021490 seconds .

========================================================================
Received Prepare
Registering precompiled user dll's ...
Registered in 0.015819 seconds.
Begin MonoManager ReloadAssembly
Native extension for WindowsStandalone target not found
Native extension for WebGL target not found
Refreshing native plugins compatible for Editor in 0.47 ms, found 2 plugins.
Preloading 0 native plugins for Editor in 0.00 ms.
Mono: successfully reloaded assembly
- Completed reload, in  1.093 seconds
Platform modules already initialized, skipping
Refreshing native plugins compatible for Editor in 1.04 ms, found 2 plugins.
Preloading 0 native plugins for Editor in 0.00 ms.
Unloading 1988 Unused Serialized files (Serialized files now loaded: 0)
System memory in use before: 168.1 MB.
System memory in use after: 168.2 MB.

Unloading 17 unused Assets to reduce memory usage. Loaded Objects now: 2522.
Total: 3.133000 ms (FindLiveObjects: 0.298400 ms CreateObjectMapping: 0.141800 ms MarkObjects: 2.282500 ms  DeleteObjects: 0.408300 ms)

========================================================================
Received Import Request.
  Time since last request: 8904.220425 seconds.
  path: Assets/Enemies/AiDummy.prefab
  artifactKey: Guid(d9255be47726c3e47aa93d0c97fd979c) Importer(815301076,1909f56bfc062723c751e8b465ee728b)
Start importing Assets/Enemies/AiDummy.prefab using Guid(d9255be47726c3e47aa93d0c97fd979c) Importer(815301076,1909f56bfc062723c751e8b465ee728b)  -> (artifact id: '8a942b0de3b450e40b822b8ec81ba026') in 0.064142 seconds
  Import took 0.067605 seconds .

========================================================================
Received Import Request.
  Time since last request: 0.000256 seconds.
  path: Assets/Enemies/EnemyFireball.prefab
  artifactKey: Guid(c06f2e767ba857a4ea86356f7a0ce929) Importer(815301076,1909f56bfc062723c751e8b465ee728b)
Start importing Assets/Enemies/EnemyFireball.prefab using Guid(c06f2e767ba857a4ea86356f7a0ce929) Importer(815301076,1909f56bfc062723c751e8b465ee728b)  -> (artifact id: '4f684dc5a9ff2627355ffc5f42030041') in 0.008762 seconds
  Import took 0.012436 seconds .

========================================================================
Received Import Request.
  Time since last request: 0.000269 seconds.
  path: Assets/Enemies/TempDummy.prefab
  artifactKey: Guid(79a33f069048b74479271c44fcf119df) Importer(815301076,1909f56bfc062723c751e8b465ee728b)
Start importing Assets/Enemies/TempDummy.prefab using Guid(79a33f069048b74479271c44fcf119df) Importer(815301076,1909f56bfc062723c751e8b465ee728b)  -> (artifact id: '9f6290a3d388b3e984627dbd1821bad7') in 0.014741 seconds
  Import took 0.017875 seconds .

========================================================================
Received Import Request.
  Time since last request: 874.221062 seconds.
  path: Assets/Scenes/Prototyping
  artifactKey: Guid(92ee1ef0e2dbf2a4cadad4451eb9c6a6) Importer(815301076,1909f56bfc062723c751e8b465ee728b)
Start importing Assets/Scenes/Prototyping using Guid(92ee1ef0e2dbf2a4cadad4451eb9c6a6) Importer(815301076,1909f56bfc062723c751e8b465ee728b)  -> (artifact id: '2da1777cabf8dd910ad4968588e32a0e') in 0.006160 seconds
  Import took 0.010044 seconds .

========================================================================
Received Import Request.
  Time since last request: 0.001968 seconds.
  path: Assets/Scenes/Prototyping
  artifactKey: Guid(92ee1ef0e2dbf2a4cadad4451eb9c6a6) Importer(815301076,1909f56bfc062723c751e8b465ee728b)
Start importing Assets/Scenes/Prototyping using Guid(92ee1ef0e2dbf2a4cadad4451eb9c6a6) Importer(815301076,1909f56bfc062723c751e8b465ee728b)  -> (artifact id: '2da1777cabf8dd910ad4968588e32a0e') in 0.006707 seconds
  Import took 0.011135 seconds .

========================================================================
Received Import Request.
  Time since last request: 0.893402 seconds.
  path: Assets/Scenes/Prototyping/AITest.unity
  artifactKey: Guid(3c3e7a6b88a92504aa333f017beadfda) Importer(815301076,1909f56bfc062723c751e8b465ee728b)
Start importing Assets/Scenes/Prototyping/AITest.unity using Guid(3c3e7a6b88a92504aa333f017beadfda) Importer(815301076,1909f56bfc062723c751e8b465ee728b)  -> (artifact id: '46337268fec0e54b0e58efc1d3bf67c5') in 0.008344 seconds
  Import took 0.011965 seconds .

========================================================================
Received Import Request.
  Time since last request: 0.000677 seconds.
  path: Assets/Scenes/Prototyping/AITest.unity
  artifactKey: Guid(3c3e7a6b88a92504aa333f017beadfda) Importer(815301076,1909f56bfc062723c751e8b465ee728b)
Start importing Assets/Scenes/Prototyping/AITest.unity using Guid(3c3e7a6b88a92504aa333f017beadfda) Importer(815301076,1909f56bfc062723c751e8b465ee728b)  -> (artifact id: '46337268fec0e54b0e58efc1d3bf67c5') in 0.007123 seconds
  Import took 0.010490 seconds .

========================================================================
Received Import Request.
  Time since last request: 218.035629 seconds.
  path: Assets/Scenes/Prototyping/Test Level.unity
  artifactKey: Guid(40bdd9c06b12f8742a56723e7ed6c5af) Importer(815301076,1909f56bfc062723c751e8b465ee728b)
Start importing Assets/Scenes/Prototyping/Test Level.unity using Guid(40bdd9c06b12f8742a56723e7ed6c5af) Importer(815301076,1909f56bfc062723c751e8b465ee728b)  -> (artifact id: 'df9391a6e41325a0d333bc0324e4d2ac') in 0.008045 seconds
  Import took 0.012100 seconds .

========================================================================
Received Prepare
Registering precompiled user dll's ...
Registered in 0.011626 seconds.
Begin MonoManager ReloadAssembly
Native extension for WindowsStandalone target not found
Native extension for WebGL target not found
Refreshing native plugins compatible for Editor in 0.47 ms, found 2 plugins.
Preloading 0 native plugins for Editor in 0.00 ms.
Mono: successfully reloaded assembly
- Completed reload, in  1.018 seconds
Platform modules already initialized, skipping
Refreshing native plugins compatible for Editor in 0.57 ms, found 2 plugins.
Preloading 0 native plugins for Editor in 0.00 ms.
Unloading 1988 Unused Serialized files (Serialized files now loaded: 0)
System memory in use before: 168.2 MB.
System memory in use after: 168.3 MB.

Unloading 15 unused Assets to reduce memory usage. Loaded Objects now: 2527.
Total: 2.309800 ms (FindLiveObjects: 0.167300 ms CreateObjectMapping: 0.058900 ms MarkObjects: 1.986100 ms  DeleteObjects: 0.096300 ms)

========================================================================
Received Prepare
Registering precompiled user dll's ...
Registered in 0.004907 seconds.
Begin MonoManager ReloadAssembly
Native extension for WindowsStandalone target not found
Native extension for WebGL target not found
Refreshing native plugins compatible for Editor in 0.45 ms, found 2 plugins.
Preloading 0 native plugins for Editor in 0.00 ms.
Mono: successfully reloaded assembly
- Completed reload, in  0.968 seconds
Platform modules already initialized, skipping
Refreshing native plugins compatible for Editor in 0.60 ms, found 2 plugins.
Preloading 0 native plugins for Editor in 0.00 ms.
Unloading 1988 Unused Serialized files (Serialized files now loaded: 0)
System memory in use before: 168.2 MB.
System memory in use after: 168.3 MB.

Unloading 14 unused Assets to reduce memory usage. Loaded Objects now: 2530.
Total: 1.963900 ms (FindLiveObjects: 0.167700 ms CreateObjectMapping: 0.067100 ms MarkObjects: 1.653400 ms  DeleteObjects: 0.075100 ms)

========================================================================
Received Import Request.
  Time since last request: 2578.452860 seconds.
  path: Assets/Scenes/Prototyping/terrain.unity
  artifactKey: Guid(186825f155808d24ebb0cb8767aa7385) Importer(815301076,1909f56bfc062723c751e8b465ee728b)
Start importing Assets/Scenes/Prototyping/terrain.unity using Guid(186825f155808d24ebb0cb8767aa7385) Importer(815301076,1909f56bfc062723c751e8b465ee728b)  -> (artifact id: '69434300e4bfaf5484735fed2ab3f7ef') in 0.026827 seconds
  Import took 0.032269 seconds .

AssetImportWorkerClient::OnTransportError - code=2 error=End of file
